{
  "Cucumber Features": {
    "coverage": {
      "/home/codio/workspace/deals4all/app/models/authorization.rb": {
        "lines": [
          1,
          1,
          1,
          null,
          1,
          1,
          null,
          null,
          1,
          7,
          null,
          null,
          1,
          5,
          null,
          null,
          null,
          null,
          null,
          null
        ]
      },
      "/home/codio/workspace/deals4all/app/models/user.rb": {
        "lines": [
          1,
          1,
          1,
          1,
          1,
          null,
          null,
          1,
          1,
          7,
          null,
          null,
          1,
          2,
          null,
          null,
          null,
          1,
          1,
          null,
          null,
          1,
          5,
          null,
          null,
          null,
          null
        ]
      },
      "/home/codio/workspace/deals4all/app/models/product.rb": {
        "lines": [
          1,
          null
        ]
      },
      "/home/codio/workspace/deals4all/app/controllers/welcome_controller.rb": {
        "lines": [
          1,
          1,
          1,
          15,
          null,
          null
        ]
      },
      "/home/codio/workspace/deals4all/app/controllers/application_controller.rb": {
        "lines": [
          1,
          1,
          1,
          null,
          1,
          null,
          null,
          1,
          null,
          13,
          null,
          null,
          null,
          1,
          8,
          null,
          null,
          1,
          11,
          null,
          null,
          null,
          null,
          1,
          null
        ]
      },
      "/home/codio/workspace/deals4all/app/helpers/application_helper.rb": {
        "lines": [
          1,
          null
        ]
      },
      "/home/codio/workspace/deals4all/app/helpers/offers_controller_helper.rb": {
        "lines": [
          1,
          null
        ]
      },
      "/home/codio/workspace/deals4all/app/helpers/profiles_helper.rb": {
        "lines": [
          1,
          null
        ]
      },
      "/home/codio/workspace/deals4all/app/helpers/sessions_helper.rb": {
        "lines": [
          1,
          null
        ]
      },
      "/home/codio/workspace/deals4all/app/controllers/sessions_controller.rb": {
        "lines": [
          1,
          1,
          null,
          1,
          null,
          null,
          null,
          null,
          1,
          7,
          null,
          7,
          5,
          5,
          5,
          5,
          5,
          2,
          2,
          null,
          2,
          1,
          1,
          1,
          1,
          1,
          1,
          1,
          null,
          4,
          4,
          4,
          null,
          null,
          null,
          null,
          1,
          null,
          null,
          null,
          null,
          null,
          null,
          null,
          null,
          null,
          null,
          null,
          null,
          null,
          null,
          1,
          null,
          null,
          null,
          null,
          null,
          null,
          null,
          1,
          2,
          2,
          2,
          2,
          2,
          null,
          null,
          1,
          null,
          1,
          null,
          null,
          null,
          null,
          null,
          null,
          null,
          null,
          null,
          null,
          null,
          null,
          1,
          null,
          20,
          20,
          null,
          null
        ]
      },
      "/home/codio/workspace/deals4all/app/controllers/deals_controller.rb": {
        "lines": [
          1,
          1,
          null,
          1,
          4,
          null,
          null,
          null,
          null,
          null,
          null,
          null,
          null,
          null,
          null,
          null,
          null,
          null,
          null,
          null,
          null,
          null,
          null,
          null
        ]
      },
      "/home/codio/workspace/deals4all/app/models/deals.rb": {
        "lines": [
          1,
          null,
          null
        ]
      },
      "/home/codio/workspace/deals4all/app/controllers/products_controller.rb": {
        "lines": [
          1,
          null,
          null,
          1,
          3,
          null,
          null,
          null,
          null,
          1,
          null,
          0,
          null,
          null,
          null,
          1,
          0,
          null,
          null,
          null,
          1,
          0,
          null,
          null,
          1,
          0,
          0,
          0,
          null,
          null,
          null,
          null,
          1,
          0,
          0,
          0,
          0,
          null,
          null,
          null,
          1,
          0,
          0,
          0,
          0,
          null,
          null,
          1,
          null,
          1,
          0,
          null,
          null,
          null,
          null,
          1,
          0,
          null,
          null
        ]
      },
      "/home/codio/workspace/deals4all/app/controllers/offers_controller.rb": {
        "lines": [
          1,
          null,
          1,
          1,
          null,
          null,
          null,
          null,
          null,
          null,
          null,
          null,
          null,
          null,
          null,
          null,
          null,
          null,
          null,
          null,
          null,
          null,
          null,
          null,
          null,
          null,
          null,
          null,
          null,
          null,
          null,
          null,
          null,
          null,
          null,
          null,
          null,
          null,
          null,
          null,
          null,
          null,
          null,
          null,
          null,
          null,
          null,
          null,
          null,
          null,
          null,
          null,
          null,
          null,
          null,
          null,
          null,
          null,
          null,
          null,
          null,
          null
        ]
      },
      "/home/codio/workspace/deals4all/app/models/offer.rb": {
        "lines": [
          1,
          null
        ]
      },
      "/home/codio/workspace/deals4all/app/models/profile.rb": {
        "lines": [
          1,
          1,
          null
        ]
      },
      "/home/codio/workspace/deals4all/app/controllers/profiles_controller.rb": {
        "lines": [
          1,
          1,
          null,
          null,
          1,
          null,
          null,
          null,
          null,
          1,
          null,
          null,
          null,
          1,
          null,
          null,
          null,
          null,
          1,
          null,
          null,
          null,
          1,
          null,
          null,
          null,
          null,
          null,
          null,
          null,
          null,
          null,
          null,
          1,
          null,
          null,
          null,
          null,
          null,
          null,
          null,
          null,
          1,
          null,
          null,
          null,
          null,
          1,
          null,
          1,
          1,
          null,
          null,
          null,
          1,
          null,
          null,
          null
        ]
      },
      "/home/codio/workspace/deals4all/app/models/movie.rb": {
        "lines": [
          0,
          null,
          0
        ],
        "branches": {
        }
      }
    },
    "timestamp": 1622441791
  },
  "RSpec": {
    "coverage": {
      "/home/codio/workspace/deals4all/app/helpers/application_helper.rb": {
        "lines": [
          1,
          null
        ]
      },
      "/home/codio/workspace/deals4all/app/helpers/offers_controller_helper.rb": {
        "lines": [
          1,
          null
        ]
      },
      "/home/codio/workspace/deals4all/app/helpers/profiles_helper.rb": {
        "lines": [
          1,
          null
        ]
      },
      "/home/codio/workspace/deals4all/app/helpers/sessions_helper.rb": {
        "lines": [
          1,
          null
        ]
      },
      "/home/codio/workspace/deals4all/app/controllers/offers_controller.rb": {
        "lines": [
          1,
          null,
          1,
          0,
          null,
          null,
          null,
          null,
          null,
          null,
          null,
          null,
          null,
          null,
          null,
          null,
          null,
          null,
          null,
          null,
          null,
          null,
          null,
          null,
          null,
          null,
          null,
          null,
          null,
          null,
          null,
          null,
          null,
          null,
          null,
          null,
          null,
          null,
          null,
          null,
          null,
          null,
          null,
          null,
          null,
          null,
          null,
          null,
          null,
          null,
          null,
          null,
          null,
          null,
          null,
          null,
          null,
          null,
          null,
          null,
          null,
          null
        ]
      },
      "/home/codio/workspace/deals4all/app/controllers/application_controller.rb": {
        "lines": [
          1,
          1,
          1,
          null,
          1,
          null,
          null,
          1,
          null,
          19,
          null,
          null,
          null,
          1,
          13,
          null,
          null,
          1,
          19,
          null,
          null,
          null,
          null,
          1,
          null
        ]
      },
      "/home/codio/workspace/deals4all/app/controllers/products_controller.rb": {
        "lines": [
          1,
          null,
          null,
          1,
          1,
          null,
          null,
          null,
          null,
          1,
          null,
          3,
          null,
          null,
          null,
          1,
          1,
          null,
          null,
          null,
          1,
          3,
          null,
          null,
          1,
          3,
          3,
          3,
          null,
          null,
          null,
          null,
          1,
          4,
          4,
          4,
          4,
          null,
          null,
          null,
          1,
          4,
          4,
          4,
          4,
          null,
          null,
          1,
          null,
          1,
          0,
          null,
          null,
          null,
          null,
          1,
          7,
          null,
          null
        ]
      },
      "/home/codio/workspace/deals4all/app/controllers/sessions_controller.rb": {
        "lines": [
          1,
          1,
          null,
          1,
          null,
          null,
          null,
          null,
          1,
          15,
          null,
          15,
          7,
          7,
          7,
          7,
          7,
          7,
          7,
          null,
          8,
          8,
          8,
          8,
          8,
          8,
          8,
          8,
          null,
          0,
          0,
          0,
          null,
          null,
          null,
          null,
          1,
          null,
          null,
          null,
          null,
          null,
          null,
          null,
          null,
          null,
          null,
          null,
          null,
          null,
          null,
          1,
          null,
          null,
          null,
          null,
          null,
          null,
          null,
          1,
          0,
          0,
          0,
          0,
          0,
          null,
          null,
          1,
          null,
          1,
          null,
          null,
          null,
          null,
          null,
          null,
          null,
          null,
          null,
          null,
          null,
          null,
          1,
          null,
          45,
          45,
          null,
          null
        ]
      },
      "/home/codio/workspace/deals4all/app/models/authorization.rb": {
        "lines": [
          1,
          1,
          1,
          null,
          1,
          8,
          null,
          null,
          1,
          15,
          null,
          null,
          1,
          9,
          null,
          null,
          null,
          null,
          null,
          null
        ]
      },
      "/home/codio/workspace/deals4all/app/models/deals.rb": {
        "lines": [
          1,
          null,
          null
        ]
      },
      "/home/codio/workspace/deals4all/app/models/movie.rb": {
        "lines": [
          1,
          null,
          null
        ]
      },
      "/home/codio/workspace/deals4all/app/models/offer.rb": {
        "lines": [
          1,
          null
        ]
      },
      "/home/codio/workspace/deals4all/app/models/product.rb": {
        "lines": [
          1,
          null
        ]
      },
      "/home/codio/workspace/deals4all/app/models/profile.rb": {
        "lines": [
          1,
          1,
          null
        ]
      },
      "/home/codio/workspace/deals4all/app/models/user.rb": {
        "lines": [
          1,
          1,
          1,
          1,
          1,
          null,
          null,
          1,
          1,
          48,
          null,
          null,
          1,
          12,
          null,
          null,
          null,
          1,
          8,
          null,
          null,
          1,
          9,
          null,
          null,
          null,
          null
        ]
      },
      "/home/codio/workspace/deals4all/app/controllers/welcome_controller.rb": {
        "lines": [
          0,
          0,
          0,
          0,
          0,
          0
        ],
        "branches": {
        }
      },
      "/home/codio/workspace/deals4all/app/controllers/deals_controller.rb": {
        "lines": [
          0,
          0,
          null,
          0,
          0,
          0,
          null,
          null,
          null,
          null,
          null,
          null,
          null,
          null,
          null,
          null,
          null,
          null,
          null,
          null,
          null,
          null,
          0,
          null
        ],
        "branches": {
        }
      },
      "/home/codio/workspace/deals4all/app/controllers/profiles_controller.rb": {
        "lines": [
          0,
          0,
          null,
          null,
          0,
          null,
          0,
          null,
          null,
          0,
          0,
          null,
          null,
          0,
          null,
          0,
          null,
          null,
          0,
          0,
          null,
          null,
          0,
          null,
          null,
          null,
          null,
          null,
          null,
          null,
          0,
          null,
          null,
          0,
          null,
          null,
          null,
          null,
          null,
          0,
          null,
          null,
          0,
          null,
          null,
          0,
          null,
          0,
          null,
          0,
          0,
          0,
          null,
          null,
          0,
          null,
          0,
          0
        ],
        "branches": {
        }
      }
    },
    "timestamp": 1622441796
  }
}
